d:\data\documents\github repositories\forked ids6938\ids6938-simulationtechniques\homework1\jellocube-basecode\build\jello.dir\debug\camera.obj
d:\data\documents\github repositories\forked ids6938\ids6938-simulationtechniques\homework1\jellocube-basecode\build\jello.dir\debug\vec.obj
d:\data\documents\github repositories\forked ids6938\ids6938-simulationtechniques\homework1\jellocube-basecode\build\jello.dir\debug\fps.obj
d:\data\documents\github repositories\forked ids6938\ids6938-simulationtechniques\homework1\jellocube-basecode\build\jello.dir\debug\main.obj
d:\data\documents\github repositories\forked ids6938\ids6938-simulationtechniques\homework1\jellocube-basecode\build\jello.dir\debug\world.obj
d:\data\documents\github repositories\forked ids6938\ids6938-simulationtechniques\homework1\jellocube-basecode\build\jello.dir\debug\jellomesh.obj
d:\data\documents\github repositories\forked ids6938\ids6938-simulationtechniques\homework1\jellocube-basecode\build\jello.dir\debug\vc140.pdb
d:\data\documents\github repositories\forked ids6938\ids6938-simulationtechniques\homework1\jellocube-basecode\build\cmakefiles\generate.stamp
d:\data\documents\github repositories\forked ids6938\ids6938-simulationtechniques\homework1\jellocube-basecode\build\debug\jello.ilk
d:\data\documents\github repositories\forked ids6938\ids6938-simulationtechniques\homework1\jellocube-basecode\build\debug\jello.exe
d:\data\documents\github repositories\forked ids6938\ids6938-simulationtechniques\homework1\jellocube-basecode\build\debug\jello.pdb
d:\data\documents\github repositories\forked ids6938\ids6938-simulationtechniques\homework1\jellocube-basecode\build\jello.dir\debug\jello.tlog\cl.command.1.tlog
d:\data\documents\github repositories\forked ids6938\ids6938-simulationtechniques\homework1\jellocube-basecode\build\jello.dir\debug\jello.tlog\cl.read.1.tlog
d:\data\documents\github repositories\forked ids6938\ids6938-simulationtechniques\homework1\jellocube-basecode\build\jello.dir\debug\jello.tlog\cl.write.1.tlog
d:\data\documents\github repositories\forked ids6938\ids6938-simulationtechniques\homework1\jellocube-basecode\build\jello.dir\debug\jello.tlog\custombuild.command.1.tlog
d:\data\documents\github repositories\forked ids6938\ids6938-simulationtechniques\homework1\jellocube-basecode\build\jello.dir\debug\jello.tlog\custombuild.read.1.tlog
d:\data\documents\github repositories\forked ids6938\ids6938-simulationtechniques\homework1\jellocube-basecode\build\jello.dir\debug\jello.tlog\custombuild.write.1.tlog
d:\data\documents\github repositories\forked ids6938\ids6938-simulationtechniques\homework1\jellocube-basecode\build\jello.dir\debug\jello.tlog\link.command.1.tlog
d:\data\documents\github repositories\forked ids6938\ids6938-simulationtechniques\homework1\jellocube-basecode\build\jello.dir\debug\jello.tlog\link.read.1.tlog
d:\data\documents\github repositories\forked ids6938\ids6938-simulationtechniques\homework1\jellocube-basecode\build\jello.dir\debug\jello.tlog\link.write.1.tlog
